<?xml version="1.0" encoding="UTF-8"?>
<!-- Generated by org.testng.reporters.JUnitReportReporter -->
<testsuite skipped="0" hostname="DESKTOP-803K56V" name="com.SurveyMonkey.testCases.TC001_VerifyLoginPageDisplayed" tests="1" failures="0" timestamp="30 Jul 2022 15:26:27 GMT" time="6.769" errors="0">
  <testcase name="loginPageTest" time="6.769" classname="com.SurveyMonkey.testCases.TC001_VerifyLoginPageDisplayed"/>
</testsuite> <!-- com.SurveyMonkey.testCases.TC001_VerifyLoginPageDisplayed -->
