<?xml version="1.0" encoding="UTF-8"?>
<!-- Generated by org.testng.reporters.JUnitReportReporter -->
<testsuite skipped="0" hostname="DESKTOP-803K56V" name="com.SurveyMonkey.testCases.TC002_VerifySignUpFreeLinkDisplayed" tests="1" failures="0" timestamp="30 Jul 2022 15:26:27 GMT" time="2.865" errors="0">
  <testcase name="verifySignUpFreeLinkDisplayedTest" time="2.865" classname="com.SurveyMonkey.testCases.TC002_VerifySignUpFreeLinkDisplayed"/>
</testsuite> <!-- com.SurveyMonkey.testCases.TC002_VerifySignUpFreeLinkDisplayed -->
